0 info it worked if it ends with ok
1 verbose cli [ '/usr/local/bin/node',
1 verbose cli   '/usr/local/bin/npm',
1 verbose cli   'run',
1 verbose cli   'update-webdriver' ]
2 info using npm@1.4.14
3 info using node@v0.10.29
4 verbose run-script [ 'preupdate-webdriver',
4 verbose run-script   'update-webdriver',
4 verbose run-script   'postupdate-webdriver' ]
5 info preupdate-webdriver angular-phonecat@0.0.0
6 verbose unsafe-perm in lifecycle true
7 info update-webdriver angular-phonecat@0.0.0
8 verbose unsafe-perm in lifecycle true
9 info angular-phonecat@0.0.0 Failed to exec update-webdriver script
10 error angular-phonecat@0.0.0 update-webdriver: `webdriver-manager update`
10 error Exit status 127
11 error Failed at the angular-phonecat@0.0.0 update-webdriver script.
11 error This is most likely a problem with the angular-phonecat package,
11 error not with npm itself.
11 error Tell the author that this fails on your system:
11 error     webdriver-manager update
11 error You can get their info via:
11 error     npm owner ls angular-phonecat
11 error There is likely additional logging output above.
12 error System Linux 3.13.0-79-generic
13 error command "/usr/local/bin/node" "/usr/local/bin/npm" "run" "update-webdriver"
14 error cwd /home/luis/workspace_java/angular-phonecat
15 error node -v v0.10.29
16 error npm -v 1.4.14
17 error code ELIFECYCLE
18 verbose exit [ 1, true ]
